<?xml version="1.0" encoding="UTF-8"?>
<testsuite name="models.HeroTest" tests="8" skipped="0" failures="0" errors="0" timestamp="2020-11-25T11:12:14" hostname="fabienne-HP-ENVY-Notebook" time="0.002">
  <properties/>
  <testcase name="getHeroName_true" classname="models.HeroTest" time="0.0"/>
  <testcase name="getHeroList_storeTwoHeroes_true" classname="models.HeroTest" time="0.0"/>
  <testcase name="deleteSingleHero" classname="models.HeroTest" time="0.0"/>
  <testcase name="getHeroWeakness_true" classname="models.HeroTest" time="0.001"/>
  <testcase name="getHeroAge_int" classname="models.HeroTest" time="0.0"/>
  <testcase name="getHeroPower_true" classname="models.HeroTest" time="0.0"/>
  <testcase name="heroInstantiatesCorrectly" classname="models.HeroTest" time="0.0"/>
  <testcase name="findHero_searchForHeroById_String" classname="models.HeroTest" time="0.001"/>
  <system-out><![CDATA[]]></system-out>
  <system-err><![CDATA[]]></system-err>
</testsuite>
