<?xml version="1.0" encoding="UTF-8"?>
<testsuite name="models.SquadTest" tests="1" skipped="0" failures="0" errors="0" timestamp="2020-11-25T15:47:56" hostname="fabienne-HP-ENVY-Notebook" time="0.004">
  <properties/>
  <testcase name="moveHeroToAnotherSquad" classname="models.SquadTest" time="0.004"/>
  <system-out><![CDATA[------------ Before -----------
[models.Hero@941260b]
[models.Hero@68b7d28a]
------------ After-----------
[]
[models.Hero@68b7d28a, models.Hero@941260b]
]]></system-out>
  <system-err><![CDATA[]]></system-err>
</testsuite>
